create threads:140620793157184
hello
 |@| invalid requested path 
hello
/static_redbird.gif |@| hello
/blackbird.gif |@| hello
/static_blackbird.gif |@| hello
/goodboy.gif |@| hello
/ |@| hello
/gift.html |@| hello
/raccoon.png |@| hello
/bluesky.jpg |@| hello
/static_redbird.gif |@| hello
/favicon.ico |@| hello
/redbird.gif |@| hello
/redbird.gif |@| hello
/static_redbird.gif |@| hello
/static_redbird.gif |@| hello
/static_redbird.gif |@| hello
/ |@| hello
/ |@| hello
/ |@| hello
HTTP/1.1 |@| invalid requested path HTTP/1.1
hello
HTTP/1.1 |@| invalid requested path HTTP/1.1
hello
/ |@| hello
/ |@| hello
/ |@| hello
/ |@| hello
/ |@| hello
/ |@| hello
 |@| invalid requested path 
hello
/ |@| hello
/ |@| hello
/systembc/password.php |@| invalid requested path /systembc/password.php
hello
/ |@| hello
/ |@| hello
